INFO [2023-10-09 12:13:56] $x
INFO [2023-10-09 12:13:56] D_downs
INFO [2023-10-09 12:13:56] 
INFO [2023-10-09 12:13:56] $category.names
INFO [2023-10-09 12:13:56] contrasts_names
INFO [2023-10-09 12:13:56] 
INFO [2023-10-09 12:13:56] $filename
INFO [2023-10-09 12:13:56] [1] "venn_sva_down.png"
INFO [2023-10-09 12:13:56] 
INFO [2023-10-09 12:13:56] $output
INFO [2023-10-09 12:13:56] [1] TRUE
INFO [2023-10-09 12:13:56] 
INFO [2023-10-09 12:13:56] $imagetype
INFO [2023-10-09 12:13:56] [1] "png"
INFO [2023-10-09 12:13:56] 
INFO [2023-10-09 12:13:56] $height
INFO [2023-10-09 12:13:56] [1] 480
INFO [2023-10-09 12:13:56] 
INFO [2023-10-09 12:13:56] $width
INFO [2023-10-09 12:13:56] [1] 720
INFO [2023-10-09 12:13:56] 
INFO [2023-10-09 12:13:56] $resolution
INFO [2023-10-09 12:13:56] [1] 300
INFO [2023-10-09 12:13:56] 
INFO [2023-10-09 12:13:56] $compression
INFO [2023-10-09 12:13:56] [1] "lzw"
INFO [2023-10-09 12:13:56] 
INFO [2023-10-09 12:13:56] $lwd
INFO [2023-10-09 12:13:56] [1] 1
INFO [2023-10-09 12:13:56] 
INFO [2023-10-09 12:13:56] $col
INFO [2023-10-09 12:13:56] c("#440154ff", "#21908dff", "#fde725ff")
INFO [2023-10-09 12:13:56] 
INFO [2023-10-09 12:13:56] $fill
INFO [2023-10-09 12:13:56] c(alpha("#440154ff", 0.3), alpha("#21908dff", 0.3), alpha("#fde725ff", 
INFO [2023-10-09 12:13:56]     0.3))
INFO [2023-10-09 12:13:56] 
INFO [2023-10-09 12:13:56] $cex
INFO [2023-10-09 12:13:56] [1] 0.7
INFO [2023-10-09 12:13:56] 
INFO [2023-10-09 12:13:56] $fontfamily
INFO [2023-10-09 12:13:56] [1] "sans"
INFO [2023-10-09 12:13:56] 
INFO [2023-10-09 12:13:56] $cat.cex
INFO [2023-10-09 12:13:56] [1] 0.7
INFO [2023-10-09 12:13:56] 
INFO [2023-10-09 12:13:56] $cat.default.pos
INFO [2023-10-09 12:13:56] [1] "outer"
INFO [2023-10-09 12:13:56] 
INFO [2023-10-09 12:13:56] $cat.pos
INFO [2023-10-09 12:13:56] c(-27, 27, 135)
INFO [2023-10-09 12:13:56] 
INFO [2023-10-09 12:13:56] $cat.dist
INFO [2023-10-09 12:13:56] c(0.055, 0.055, 0.055)
INFO [2023-10-09 12:13:56] 
INFO [2023-10-09 12:13:56] $cat.fontfamily
INFO [2023-10-09 12:13:56] [1] "sans"
INFO [2023-10-09 12:13:56] 
INFO [2023-10-09 12:13:56] $cat.col
INFO [2023-10-09 12:13:56] [1] "black"
INFO [2023-10-09 12:13:56] 
INFO [2023-10-09 12:13:56] $rotation
INFO [2023-10-09 12:13:56] [1] 1
INFO [2023-10-09 12:13:56] 
