INFO [2023-10-09 11:50:07] $x
INFO [2023-10-09 11:50:07] D_ups
INFO [2023-10-09 11:50:07] 
INFO [2023-10-09 11:50:07] $category.names
INFO [2023-10-09 11:50:07] batch_names
INFO [2023-10-09 11:50:07] 
INFO [2023-10-09 11:50:07] $filename
INFO [2023-10-09 11:50:07] [1] "venn_120_72_batch_up.png"
INFO [2023-10-09 11:50:07] 
INFO [2023-10-09 11:50:07] $output
INFO [2023-10-09 11:50:07] [1] TRUE
INFO [2023-10-09 11:50:07] 
INFO [2023-10-09 11:50:07] $imagetype
INFO [2023-10-09 11:50:07] [1] "png"
INFO [2023-10-09 11:50:07] 
INFO [2023-10-09 11:50:07] $height
INFO [2023-10-09 11:50:07] [1] 480
INFO [2023-10-09 11:50:07] 
INFO [2023-10-09 11:50:07] $width
INFO [2023-10-09 11:50:07] [1] 720
INFO [2023-10-09 11:50:07] 
INFO [2023-10-09 11:50:07] $resolution
INFO [2023-10-09 11:50:07] [1] 300
INFO [2023-10-09 11:50:07] 
INFO [2023-10-09 11:50:07] $compression
INFO [2023-10-09 11:50:07] [1] "lzw"
INFO [2023-10-09 11:50:07] 
INFO [2023-10-09 11:50:07] $lwd
INFO [2023-10-09 11:50:07] [1] 1
INFO [2023-10-09 11:50:07] 
INFO [2023-10-09 11:50:07] $col
INFO [2023-10-09 11:50:07] c("#440154ff", "#21908dff", "#fde725ff")
INFO [2023-10-09 11:50:07] 
INFO [2023-10-09 11:50:07] $fill
INFO [2023-10-09 11:50:07] c(alpha("#440154ff", 0.3), alpha("#21908dff", 0.3), alpha("#fde725ff", 
INFO [2023-10-09 11:50:07]     0.3))
INFO [2023-10-09 11:50:07] 
INFO [2023-10-09 11:50:07] $cex
INFO [2023-10-09 11:50:07] [1] 0.7
INFO [2023-10-09 11:50:07] 
INFO [2023-10-09 11:50:07] $fontfamily
INFO [2023-10-09 11:50:07] [1] "sans"
INFO [2023-10-09 11:50:07] 
INFO [2023-10-09 11:50:07] $cat.cex
INFO [2023-10-09 11:50:07] [1] 0.7
INFO [2023-10-09 11:50:07] 
INFO [2023-10-09 11:50:07] $cat.default.pos
INFO [2023-10-09 11:50:07] [1] "outer"
INFO [2023-10-09 11:50:07] 
INFO [2023-10-09 11:50:07] $cat.pos
INFO [2023-10-09 11:50:07] c(-27, 27, 135)
INFO [2023-10-09 11:50:07] 
INFO [2023-10-09 11:50:07] $cat.dist
INFO [2023-10-09 11:50:07] c(0.055, 0.055, 0.055)
INFO [2023-10-09 11:50:07] 
INFO [2023-10-09 11:50:07] $cat.fontfamily
INFO [2023-10-09 11:50:07] [1] "sans"
INFO [2023-10-09 11:50:07] 
INFO [2023-10-09 11:50:07] $cat.col
INFO [2023-10-09 11:50:07] [1] "black"
INFO [2023-10-09 11:50:07] 
INFO [2023-10-09 11:50:07] $rotation
INFO [2023-10-09 11:50:07] [1] 1
INFO [2023-10-09 11:50:07] 
