INFO [2023-10-09 11:41:33] $x
INFO [2023-10-09 11:41:33] D_ups
INFO [2023-10-09 11:41:33] 
INFO [2023-10-09 11:41:33] $category.names
INFO [2023-10-09 11:41:33] contrasts_names
INFO [2023-10-09 11:41:33] 
INFO [2023-10-09 11:41:33] $filename
INFO [2023-10-09 11:41:33] [1] "venn_sva_up.png"
INFO [2023-10-09 11:41:33] 
INFO [2023-10-09 11:41:33] $output
INFO [2023-10-09 11:41:33] [1] TRUE
INFO [2023-10-09 11:41:33] 
INFO [2023-10-09 11:41:33] $imagetype
INFO [2023-10-09 11:41:33] [1] "png"
INFO [2023-10-09 11:41:33] 
INFO [2023-10-09 11:41:33] $height
INFO [2023-10-09 11:41:33] [1] 480
INFO [2023-10-09 11:41:33] 
INFO [2023-10-09 11:41:33] $width
INFO [2023-10-09 11:41:33] [1] 720
INFO [2023-10-09 11:41:33] 
INFO [2023-10-09 11:41:33] $resolution
INFO [2023-10-09 11:41:33] [1] 300
INFO [2023-10-09 11:41:33] 
INFO [2023-10-09 11:41:33] $compression
INFO [2023-10-09 11:41:33] [1] "lzw"
INFO [2023-10-09 11:41:33] 
INFO [2023-10-09 11:41:33] $lwd
INFO [2023-10-09 11:41:33] [1] 1
INFO [2023-10-09 11:41:33] 
INFO [2023-10-09 11:41:33] $col
INFO [2023-10-09 11:41:33] c("#440154ff", "#21908dff", "#fde725ff")
INFO [2023-10-09 11:41:33] 
INFO [2023-10-09 11:41:33] $fill
INFO [2023-10-09 11:41:33] c(alpha("#440154ff", 0.3), alpha("#21908dff", 0.3), alpha("#fde725ff", 
INFO [2023-10-09 11:41:33]     0.3))
INFO [2023-10-09 11:41:33] 
INFO [2023-10-09 11:41:33] $cex
INFO [2023-10-09 11:41:33] [1] 0.7
INFO [2023-10-09 11:41:33] 
INFO [2023-10-09 11:41:33] $fontfamily
INFO [2023-10-09 11:41:33] [1] "sans"
INFO [2023-10-09 11:41:33] 
INFO [2023-10-09 11:41:33] $cat.cex
INFO [2023-10-09 11:41:33] [1] 0.7
INFO [2023-10-09 11:41:33] 
INFO [2023-10-09 11:41:33] $cat.default.pos
INFO [2023-10-09 11:41:33] [1] "outer"
INFO [2023-10-09 11:41:33] 
INFO [2023-10-09 11:41:33] $cat.pos
INFO [2023-10-09 11:41:33] c(-27, 27, 135)
INFO [2023-10-09 11:41:33] 
INFO [2023-10-09 11:41:33] $cat.dist
INFO [2023-10-09 11:41:33] c(0.055, 0.055, 0.055)
INFO [2023-10-09 11:41:33] 
INFO [2023-10-09 11:41:33] $cat.fontfamily
INFO [2023-10-09 11:41:33] [1] "sans"
INFO [2023-10-09 11:41:33] 
INFO [2023-10-09 11:41:33] $cat.col
INFO [2023-10-09 11:41:33] [1] "black"
INFO [2023-10-09 11:41:33] 
INFO [2023-10-09 11:41:33] $rotation
INFO [2023-10-09 11:41:33] [1] 1
INFO [2023-10-09 11:41:33] 
