INFO [2023-10-09 11:50:09] $x
INFO [2023-10-09 11:50:09] D_ups
INFO [2023-10-09 11:50:09] 
INFO [2023-10-09 11:50:09] $category.names
INFO [2023-10-09 11:50:09] batch_names
INFO [2023-10-09 11:50:09] 
INFO [2023-10-09 11:50:09] $filename
INFO [2023-10-09 11:50:09] [1] "venn_adult_120_batch_up.png"
INFO [2023-10-09 11:50:09] 
INFO [2023-10-09 11:50:09] $output
INFO [2023-10-09 11:50:09] [1] TRUE
INFO [2023-10-09 11:50:09] 
INFO [2023-10-09 11:50:09] $imagetype
INFO [2023-10-09 11:50:09] [1] "png"
INFO [2023-10-09 11:50:09] 
INFO [2023-10-09 11:50:09] $height
INFO [2023-10-09 11:50:09] [1] 480
INFO [2023-10-09 11:50:09] 
INFO [2023-10-09 11:50:09] $width
INFO [2023-10-09 11:50:09] [1] 720
INFO [2023-10-09 11:50:09] 
INFO [2023-10-09 11:50:09] $resolution
INFO [2023-10-09 11:50:09] [1] 300
INFO [2023-10-09 11:50:09] 
INFO [2023-10-09 11:50:09] $compression
INFO [2023-10-09 11:50:09] [1] "lzw"
INFO [2023-10-09 11:50:09] 
INFO [2023-10-09 11:50:09] $lwd
INFO [2023-10-09 11:50:09] [1] 1
INFO [2023-10-09 11:50:09] 
INFO [2023-10-09 11:50:09] $col
INFO [2023-10-09 11:50:09] c("#440154ff", "#21908dff", "#fde725ff")
INFO [2023-10-09 11:50:09] 
INFO [2023-10-09 11:50:09] $fill
INFO [2023-10-09 11:50:09] c(alpha("#440154ff", 0.3), alpha("#21908dff", 0.3), alpha("#fde725ff", 
INFO [2023-10-09 11:50:09]     0.3))
INFO [2023-10-09 11:50:09] 
INFO [2023-10-09 11:50:09] $cex
INFO [2023-10-09 11:50:09] [1] 0.7
INFO [2023-10-09 11:50:09] 
INFO [2023-10-09 11:50:09] $fontfamily
INFO [2023-10-09 11:50:09] [1] "sans"
INFO [2023-10-09 11:50:09] 
INFO [2023-10-09 11:50:09] $cat.cex
INFO [2023-10-09 11:50:09] [1] 0.7
INFO [2023-10-09 11:50:09] 
INFO [2023-10-09 11:50:09] $cat.default.pos
INFO [2023-10-09 11:50:09] [1] "outer"
INFO [2023-10-09 11:50:09] 
INFO [2023-10-09 11:50:09] $cat.pos
INFO [2023-10-09 11:50:09] c(-27, 27, 135)
INFO [2023-10-09 11:50:09] 
INFO [2023-10-09 11:50:09] $cat.dist
INFO [2023-10-09 11:50:09] c(0.055, 0.055, 0.055)
INFO [2023-10-09 11:50:09] 
INFO [2023-10-09 11:50:09] $cat.fontfamily
INFO [2023-10-09 11:50:09] [1] "sans"
INFO [2023-10-09 11:50:09] 
INFO [2023-10-09 11:50:09] $cat.col
INFO [2023-10-09 11:50:09] [1] "black"
INFO [2023-10-09 11:50:09] 
INFO [2023-10-09 11:50:09] $rotation
INFO [2023-10-09 11:50:09] [1] 1
INFO [2023-10-09 11:50:09] 
