INFO [2023-10-09 12:13:55] $x
INFO [2023-10-09 12:13:55] D_downs
INFO [2023-10-09 12:13:55] 
INFO [2023-10-09 12:13:55] $category.names
INFO [2023-10-09 12:13:55] contrasts_names
INFO [2023-10-09 12:13:55] 
INFO [2023-10-09 12:13:55] $filename
INFO [2023-10-09 12:13:55] [1] "venn_control_down.png"
INFO [2023-10-09 12:13:55] 
INFO [2023-10-09 12:13:55] $output
INFO [2023-10-09 12:13:55] [1] TRUE
INFO [2023-10-09 12:13:55] 
INFO [2023-10-09 12:13:55] $imagetype
INFO [2023-10-09 12:13:55] [1] "png"
INFO [2023-10-09 12:13:55] 
INFO [2023-10-09 12:13:55] $height
INFO [2023-10-09 12:13:55] [1] 480
INFO [2023-10-09 12:13:55] 
INFO [2023-10-09 12:13:55] $width
INFO [2023-10-09 12:13:55] [1] 720
INFO [2023-10-09 12:13:55] 
INFO [2023-10-09 12:13:55] $resolution
INFO [2023-10-09 12:13:55] [1] 300
INFO [2023-10-09 12:13:55] 
INFO [2023-10-09 12:13:55] $compression
INFO [2023-10-09 12:13:55] [1] "lzw"
INFO [2023-10-09 12:13:55] 
INFO [2023-10-09 12:13:55] $lwd
INFO [2023-10-09 12:13:55] [1] 1
INFO [2023-10-09 12:13:55] 
INFO [2023-10-09 12:13:55] $col
INFO [2023-10-09 12:13:55] c("#440154ff", "#21908dff", "#fde725ff")
INFO [2023-10-09 12:13:55] 
INFO [2023-10-09 12:13:55] $fill
INFO [2023-10-09 12:13:55] c(alpha("#440154ff", 0.3), alpha("#21908dff", 0.3), alpha("#fde725ff", 
INFO [2023-10-09 12:13:55]     0.3))
INFO [2023-10-09 12:13:55] 
INFO [2023-10-09 12:13:55] $cex
INFO [2023-10-09 12:13:55] [1] 0.7
INFO [2023-10-09 12:13:55] 
INFO [2023-10-09 12:13:55] $fontfamily
INFO [2023-10-09 12:13:55] [1] "sans"
INFO [2023-10-09 12:13:55] 
INFO [2023-10-09 12:13:55] $cat.cex
INFO [2023-10-09 12:13:55] [1] 0.7
INFO [2023-10-09 12:13:55] 
INFO [2023-10-09 12:13:55] $cat.default.pos
INFO [2023-10-09 12:13:55] [1] "outer"
INFO [2023-10-09 12:13:55] 
INFO [2023-10-09 12:13:55] $cat.pos
INFO [2023-10-09 12:13:55] c(-27, 27, 135)
INFO [2023-10-09 12:13:55] 
INFO [2023-10-09 12:13:55] $cat.dist
INFO [2023-10-09 12:13:55] c(0.055, 0.055, 0.055)
INFO [2023-10-09 12:13:55] 
INFO [2023-10-09 12:13:55] $cat.fontfamily
INFO [2023-10-09 12:13:55] [1] "sans"
INFO [2023-10-09 12:13:55] 
INFO [2023-10-09 12:13:55] $cat.col
INFO [2023-10-09 12:13:55] [1] "black"
INFO [2023-10-09 12:13:55] 
INFO [2023-10-09 12:13:55] $rotation
INFO [2023-10-09 12:13:55] [1] 1
INFO [2023-10-09 12:13:55] 
