INFO [2023-10-09 12:06:41] $x
INFO [2023-10-09 12:06:41] D_ups
INFO [2023-10-09 12:06:41] 
INFO [2023-10-09 12:06:41] $category.names
INFO [2023-10-09 12:06:41] batch_names
INFO [2023-10-09 12:06:41] 
INFO [2023-10-09 12:06:41] $filename
INFO [2023-10-09 12:06:41] [1] "venn_adult_120_batch_down.png"
INFO [2023-10-09 12:06:41] 
INFO [2023-10-09 12:06:41] $output
INFO [2023-10-09 12:06:41] [1] TRUE
INFO [2023-10-09 12:06:41] 
INFO [2023-10-09 12:06:41] $imagetype
INFO [2023-10-09 12:06:41] [1] "png"
INFO [2023-10-09 12:06:41] 
INFO [2023-10-09 12:06:41] $height
INFO [2023-10-09 12:06:41] [1] 480
INFO [2023-10-09 12:06:41] 
INFO [2023-10-09 12:06:41] $width
INFO [2023-10-09 12:06:41] [1] 720
INFO [2023-10-09 12:06:41] 
INFO [2023-10-09 12:06:41] $resolution
INFO [2023-10-09 12:06:41] [1] 300
INFO [2023-10-09 12:06:41] 
INFO [2023-10-09 12:06:41] $compression
INFO [2023-10-09 12:06:41] [1] "lzw"
INFO [2023-10-09 12:06:41] 
INFO [2023-10-09 12:06:41] $lwd
INFO [2023-10-09 12:06:41] [1] 1
INFO [2023-10-09 12:06:41] 
INFO [2023-10-09 12:06:41] $col
INFO [2023-10-09 12:06:41] c("#440154ff", "#21908dff", "#fde725ff")
INFO [2023-10-09 12:06:41] 
INFO [2023-10-09 12:06:41] $fill
INFO [2023-10-09 12:06:41] c(alpha("#440154ff", 0.3), alpha("#21908dff", 0.3), alpha("#fde725ff", 
INFO [2023-10-09 12:06:41]     0.3))
INFO [2023-10-09 12:06:41] 
INFO [2023-10-09 12:06:41] $cex
INFO [2023-10-09 12:06:41] [1] 0.7
INFO [2023-10-09 12:06:41] 
INFO [2023-10-09 12:06:41] $fontfamily
INFO [2023-10-09 12:06:41] [1] "sans"
INFO [2023-10-09 12:06:41] 
INFO [2023-10-09 12:06:41] $cat.cex
INFO [2023-10-09 12:06:41] [1] 0.7
INFO [2023-10-09 12:06:41] 
INFO [2023-10-09 12:06:41] $cat.default.pos
INFO [2023-10-09 12:06:41] [1] "outer"
INFO [2023-10-09 12:06:41] 
INFO [2023-10-09 12:06:41] $cat.pos
INFO [2023-10-09 12:06:41] c(-27, 27, 135)
INFO [2023-10-09 12:06:41] 
INFO [2023-10-09 12:06:41] $cat.dist
INFO [2023-10-09 12:06:41] c(0.055, 0.055, 0.055)
INFO [2023-10-09 12:06:41] 
INFO [2023-10-09 12:06:41] $cat.fontfamily
INFO [2023-10-09 12:06:41] [1] "sans"
INFO [2023-10-09 12:06:41] 
INFO [2023-10-09 12:06:41] $cat.col
INFO [2023-10-09 12:06:41] [1] "black"
INFO [2023-10-09 12:06:41] 
INFO [2023-10-09 12:06:41] $rotation
INFO [2023-10-09 12:06:41] [1] 1
INFO [2023-10-09 12:06:41] 
