INFO [2023-10-09 12:13:58] $x
INFO [2023-10-09 12:13:58] D_ups
INFO [2023-10-09 12:13:58] 
INFO [2023-10-09 12:13:58] $category.names
INFO [2023-10-09 12:13:58] batch_names
INFO [2023-10-09 12:13:58] 
INFO [2023-10-09 12:13:58] $filename
INFO [2023-10-09 12:13:58] [1] "venn_adult_120_batch_down.png"
INFO [2023-10-09 12:13:58] 
INFO [2023-10-09 12:13:58] $output
INFO [2023-10-09 12:13:58] [1] TRUE
INFO [2023-10-09 12:13:58] 
INFO [2023-10-09 12:13:58] $imagetype
INFO [2023-10-09 12:13:58] [1] "png"
INFO [2023-10-09 12:13:58] 
INFO [2023-10-09 12:13:58] $height
INFO [2023-10-09 12:13:58] [1] 480
INFO [2023-10-09 12:13:58] 
INFO [2023-10-09 12:13:58] $width
INFO [2023-10-09 12:13:58] [1] 720
INFO [2023-10-09 12:13:58] 
INFO [2023-10-09 12:13:58] $resolution
INFO [2023-10-09 12:13:58] [1] 300
INFO [2023-10-09 12:13:58] 
INFO [2023-10-09 12:13:58] $compression
INFO [2023-10-09 12:13:58] [1] "lzw"
INFO [2023-10-09 12:13:58] 
INFO [2023-10-09 12:13:58] $lwd
INFO [2023-10-09 12:13:58] [1] 1
INFO [2023-10-09 12:13:58] 
INFO [2023-10-09 12:13:58] $col
INFO [2023-10-09 12:13:58] c("#440154ff", "#21908dff", "#fde725ff")
INFO [2023-10-09 12:13:58] 
INFO [2023-10-09 12:13:58] $fill
INFO [2023-10-09 12:13:58] c(alpha("#440154ff", 0.3), alpha("#21908dff", 0.3), alpha("#fde725ff", 
INFO [2023-10-09 12:13:58]     0.3))
INFO [2023-10-09 12:13:58] 
INFO [2023-10-09 12:13:58] $cex
INFO [2023-10-09 12:13:58] [1] 0.7
INFO [2023-10-09 12:13:58] 
INFO [2023-10-09 12:13:58] $fontfamily
INFO [2023-10-09 12:13:58] [1] "sans"
INFO [2023-10-09 12:13:58] 
INFO [2023-10-09 12:13:58] $cat.cex
INFO [2023-10-09 12:13:58] [1] 0.7
INFO [2023-10-09 12:13:58] 
INFO [2023-10-09 12:13:58] $cat.default.pos
INFO [2023-10-09 12:13:58] [1] "outer"
INFO [2023-10-09 12:13:58] 
INFO [2023-10-09 12:13:58] $cat.pos
INFO [2023-10-09 12:13:58] c(-27, 27, 135)
INFO [2023-10-09 12:13:58] 
INFO [2023-10-09 12:13:58] $cat.dist
INFO [2023-10-09 12:13:58] c(0.055, 0.055, 0.055)
INFO [2023-10-09 12:13:58] 
INFO [2023-10-09 12:13:58] $cat.fontfamily
INFO [2023-10-09 12:13:58] [1] "sans"
INFO [2023-10-09 12:13:58] 
INFO [2023-10-09 12:13:58] $cat.col
INFO [2023-10-09 12:13:58] [1] "black"
INFO [2023-10-09 12:13:58] 
INFO [2023-10-09 12:13:58] $rotation
INFO [2023-10-09 12:13:58] [1] 1
INFO [2023-10-09 12:13:58] 
