INFO [2023-10-09 11:49:24] $x
INFO [2023-10-09 11:49:24] D_downs
INFO [2023-10-09 11:49:24] 
INFO [2023-10-09 11:49:24] $category.names
INFO [2023-10-09 11:49:24] contrasts_names
INFO [2023-10-09 11:49:24] 
INFO [2023-10-09 11:49:24] $filename
INFO [2023-10-09 11:49:24] [1] "venn_control_down.png"
INFO [2023-10-09 11:49:24] 
INFO [2023-10-09 11:49:24] $output
INFO [2023-10-09 11:49:24] [1] TRUE
INFO [2023-10-09 11:49:24] 
INFO [2023-10-09 11:49:24] $imagetype
INFO [2023-10-09 11:49:24] [1] "png"
INFO [2023-10-09 11:49:24] 
INFO [2023-10-09 11:49:24] $height
INFO [2023-10-09 11:49:24] [1] 480
INFO [2023-10-09 11:49:24] 
INFO [2023-10-09 11:49:24] $width
INFO [2023-10-09 11:49:24] [1] 720
INFO [2023-10-09 11:49:24] 
INFO [2023-10-09 11:49:24] $resolution
INFO [2023-10-09 11:49:24] [1] 300
INFO [2023-10-09 11:49:24] 
INFO [2023-10-09 11:49:24] $compression
INFO [2023-10-09 11:49:24] [1] "lzw"
INFO [2023-10-09 11:49:24] 
INFO [2023-10-09 11:49:24] $lwd
INFO [2023-10-09 11:49:24] [1] 1
INFO [2023-10-09 11:49:24] 
INFO [2023-10-09 11:49:24] $col
INFO [2023-10-09 11:49:24] c("#440154ff", "#21908dff", "#fde725ff")
INFO [2023-10-09 11:49:24] 
INFO [2023-10-09 11:49:24] $fill
INFO [2023-10-09 11:49:24] c(alpha("#440154ff", 0.3), alpha("#21908dff", 0.3), alpha("#fde725ff", 
INFO [2023-10-09 11:49:24]     0.3))
INFO [2023-10-09 11:49:24] 
INFO [2023-10-09 11:49:24] $cex
INFO [2023-10-09 11:49:24] [1] 0.7
INFO [2023-10-09 11:49:24] 
INFO [2023-10-09 11:49:24] $fontfamily
INFO [2023-10-09 11:49:24] [1] "sans"
INFO [2023-10-09 11:49:24] 
INFO [2023-10-09 11:49:24] $cat.cex
INFO [2023-10-09 11:49:24] [1] 0.7
INFO [2023-10-09 11:49:24] 
INFO [2023-10-09 11:49:24] $cat.default.pos
INFO [2023-10-09 11:49:24] [1] "outer"
INFO [2023-10-09 11:49:24] 
INFO [2023-10-09 11:49:24] $cat.pos
INFO [2023-10-09 11:49:24] c(-27, 27, 135)
INFO [2023-10-09 11:49:24] 
INFO [2023-10-09 11:49:24] $cat.dist
INFO [2023-10-09 11:49:24] c(0.055, 0.055, 0.055)
INFO [2023-10-09 11:49:24] 
INFO [2023-10-09 11:49:24] $cat.fontfamily
INFO [2023-10-09 11:49:24] [1] "sans"
INFO [2023-10-09 11:49:24] 
INFO [2023-10-09 11:49:24] $cat.col
INFO [2023-10-09 11:49:24] [1] "black"
INFO [2023-10-09 11:49:24] 
INFO [2023-10-09 11:49:24] $rotation
INFO [2023-10-09 11:49:24] [1] 1
INFO [2023-10-09 11:49:24] 
