INFO [2023-10-09 11:50:03] $x
INFO [2023-10-09 11:50:03] D_downs
INFO [2023-10-09 11:50:03] 
INFO [2023-10-09 11:50:03] $category.names
INFO [2023-10-09 11:50:03] contrasts_names
INFO [2023-10-09 11:50:03] 
INFO [2023-10-09 11:50:03] $filename
INFO [2023-10-09 11:50:03] [1] "venn_combat_down.png"
INFO [2023-10-09 11:50:03] 
INFO [2023-10-09 11:50:03] $output
INFO [2023-10-09 11:50:03] [1] TRUE
INFO [2023-10-09 11:50:03] 
INFO [2023-10-09 11:50:03] $imagetype
INFO [2023-10-09 11:50:03] [1] "png"
INFO [2023-10-09 11:50:03] 
INFO [2023-10-09 11:50:03] $height
INFO [2023-10-09 11:50:03] [1] 480
INFO [2023-10-09 11:50:03] 
INFO [2023-10-09 11:50:03] $width
INFO [2023-10-09 11:50:03] [1] 720
INFO [2023-10-09 11:50:03] 
INFO [2023-10-09 11:50:03] $resolution
INFO [2023-10-09 11:50:03] [1] 300
INFO [2023-10-09 11:50:03] 
INFO [2023-10-09 11:50:03] $compression
INFO [2023-10-09 11:50:03] [1] "lzw"
INFO [2023-10-09 11:50:03] 
INFO [2023-10-09 11:50:03] $lwd
INFO [2023-10-09 11:50:03] [1] 1
INFO [2023-10-09 11:50:03] 
INFO [2023-10-09 11:50:03] $col
INFO [2023-10-09 11:50:03] c("#440154ff", "#21908dff", "#fde725ff")
INFO [2023-10-09 11:50:03] 
INFO [2023-10-09 11:50:03] $fill
INFO [2023-10-09 11:50:03] c(alpha("#440154ff", 0.3), alpha("#21908dff", 0.3), alpha("#fde725ff", 
INFO [2023-10-09 11:50:03]     0.3))
INFO [2023-10-09 11:50:03] 
INFO [2023-10-09 11:50:03] $cex
INFO [2023-10-09 11:50:03] [1] 0.7
INFO [2023-10-09 11:50:03] 
INFO [2023-10-09 11:50:03] $fontfamily
INFO [2023-10-09 11:50:03] [1] "sans"
INFO [2023-10-09 11:50:03] 
INFO [2023-10-09 11:50:03] $cat.cex
INFO [2023-10-09 11:50:03] [1] 0.7
INFO [2023-10-09 11:50:03] 
INFO [2023-10-09 11:50:03] $cat.default.pos
INFO [2023-10-09 11:50:03] [1] "outer"
INFO [2023-10-09 11:50:03] 
INFO [2023-10-09 11:50:03] $cat.pos
INFO [2023-10-09 11:50:03] c(-27, 27, 135)
INFO [2023-10-09 11:50:03] 
INFO [2023-10-09 11:50:03] $cat.dist
INFO [2023-10-09 11:50:03] c(0.055, 0.055, 0.055)
INFO [2023-10-09 11:50:03] 
INFO [2023-10-09 11:50:03] $cat.fontfamily
INFO [2023-10-09 11:50:03] [1] "sans"
INFO [2023-10-09 11:50:03] 
INFO [2023-10-09 11:50:03] $cat.col
INFO [2023-10-09 11:50:03] [1] "black"
INFO [2023-10-09 11:50:03] 
INFO [2023-10-09 11:50:03] $rotation
INFO [2023-10-09 11:50:03] [1] 1
INFO [2023-10-09 11:50:03] 
