INFO [2023-10-09 12:08:42] $x
INFO [2023-10-09 12:08:42] D_ups
INFO [2023-10-09 12:08:42] 
INFO [2023-10-09 12:08:42] $category.names
INFO [2023-10-09 12:08:42] contrasts_names
INFO [2023-10-09 12:08:42] 
INFO [2023-10-09 12:08:42] $filename
INFO [2023-10-09 12:08:42] [1] "venn_combat_up.png"
INFO [2023-10-09 12:08:42] 
INFO [2023-10-09 12:08:42] $output
INFO [2023-10-09 12:08:42] [1] TRUE
INFO [2023-10-09 12:08:42] 
INFO [2023-10-09 12:08:42] $imagetype
INFO [2023-10-09 12:08:42] [1] "png"
INFO [2023-10-09 12:08:42] 
INFO [2023-10-09 12:08:42] $height
INFO [2023-10-09 12:08:42] [1] 480
INFO [2023-10-09 12:08:42] 
INFO [2023-10-09 12:08:42] $width
INFO [2023-10-09 12:08:42] [1] 720
INFO [2023-10-09 12:08:42] 
INFO [2023-10-09 12:08:42] $resolution
INFO [2023-10-09 12:08:42] [1] 300
INFO [2023-10-09 12:08:42] 
INFO [2023-10-09 12:08:42] $compression
INFO [2023-10-09 12:08:42] [1] "lzw"
INFO [2023-10-09 12:08:42] 
INFO [2023-10-09 12:08:42] $lwd
INFO [2023-10-09 12:08:42] [1] 1
INFO [2023-10-09 12:08:42] 
INFO [2023-10-09 12:08:42] $col
INFO [2023-10-09 12:08:42] c("#440154ff", "#21908dff", "#fde725ff")
INFO [2023-10-09 12:08:42] 
INFO [2023-10-09 12:08:42] $fill
INFO [2023-10-09 12:08:42] c(alpha("#440154ff", 0.3), alpha("#21908dff", 0.3), alpha("#fde725ff", 
INFO [2023-10-09 12:08:42]     0.3))
INFO [2023-10-09 12:08:42] 
INFO [2023-10-09 12:08:42] $cex
INFO [2023-10-09 12:08:42] [1] 0.7
INFO [2023-10-09 12:08:42] 
INFO [2023-10-09 12:08:42] $fontfamily
INFO [2023-10-09 12:08:42] [1] "sans"
INFO [2023-10-09 12:08:42] 
INFO [2023-10-09 12:08:42] $cat.cex
INFO [2023-10-09 12:08:42] [1] 0.7
INFO [2023-10-09 12:08:42] 
INFO [2023-10-09 12:08:42] $cat.default.pos
INFO [2023-10-09 12:08:42] [1] "outer"
INFO [2023-10-09 12:08:42] 
INFO [2023-10-09 12:08:42] $cat.pos
INFO [2023-10-09 12:08:42] c(-27, 27, 135)
INFO [2023-10-09 12:08:42] 
INFO [2023-10-09 12:08:42] $cat.dist
INFO [2023-10-09 12:08:42] c(0.055, 0.055, 0.055)
INFO [2023-10-09 12:08:42] 
INFO [2023-10-09 12:08:42] $cat.fontfamily
INFO [2023-10-09 12:08:42] [1] "sans"
INFO [2023-10-09 12:08:42] 
INFO [2023-10-09 12:08:42] $cat.col
INFO [2023-10-09 12:08:42] [1] "black"
INFO [2023-10-09 12:08:42] 
INFO [2023-10-09 12:08:42] $rotation
INFO [2023-10-09 12:08:42] [1] 1
INFO [2023-10-09 12:08:42] 
