INFO [2023-10-09 11:50:10] $x
INFO [2023-10-09 11:50:10] D_ups
INFO [2023-10-09 11:50:10] 
INFO [2023-10-09 11:50:10] $category.names
INFO [2023-10-09 11:50:10] batch_names
INFO [2023-10-09 11:50:10] 
INFO [2023-10-09 11:50:10] $filename
INFO [2023-10-09 11:50:10] [1] "venn_adult_120_batch_down.png"
INFO [2023-10-09 11:50:10] 
INFO [2023-10-09 11:50:10] $output
INFO [2023-10-09 11:50:10] [1] TRUE
INFO [2023-10-09 11:50:10] 
INFO [2023-10-09 11:50:10] $imagetype
INFO [2023-10-09 11:50:10] [1] "png"
INFO [2023-10-09 11:50:10] 
INFO [2023-10-09 11:50:10] $height
INFO [2023-10-09 11:50:10] [1] 480
INFO [2023-10-09 11:50:10] 
INFO [2023-10-09 11:50:10] $width
INFO [2023-10-09 11:50:10] [1] 720
INFO [2023-10-09 11:50:10] 
INFO [2023-10-09 11:50:10] $resolution
INFO [2023-10-09 11:50:10] [1] 300
INFO [2023-10-09 11:50:10] 
INFO [2023-10-09 11:50:10] $compression
INFO [2023-10-09 11:50:10] [1] "lzw"
INFO [2023-10-09 11:50:10] 
INFO [2023-10-09 11:50:10] $lwd
INFO [2023-10-09 11:50:10] [1] 1
INFO [2023-10-09 11:50:10] 
INFO [2023-10-09 11:50:10] $col
INFO [2023-10-09 11:50:10] c("#440154ff", "#21908dff", "#fde725ff")
INFO [2023-10-09 11:50:10] 
INFO [2023-10-09 11:50:10] $fill
INFO [2023-10-09 11:50:10] c(alpha("#440154ff", 0.3), alpha("#21908dff", 0.3), alpha("#fde725ff", 
INFO [2023-10-09 11:50:10]     0.3))
INFO [2023-10-09 11:50:10] 
INFO [2023-10-09 11:50:10] $cex
INFO [2023-10-09 11:50:10] [1] 0.7
INFO [2023-10-09 11:50:10] 
INFO [2023-10-09 11:50:10] $fontfamily
INFO [2023-10-09 11:50:10] [1] "sans"
INFO [2023-10-09 11:50:10] 
INFO [2023-10-09 11:50:10] $cat.cex
INFO [2023-10-09 11:50:10] [1] 0.7
INFO [2023-10-09 11:50:10] 
INFO [2023-10-09 11:50:10] $cat.default.pos
INFO [2023-10-09 11:50:10] [1] "outer"
INFO [2023-10-09 11:50:10] 
INFO [2023-10-09 11:50:10] $cat.pos
INFO [2023-10-09 11:50:10] c(-27, 27, 135)
INFO [2023-10-09 11:50:10] 
INFO [2023-10-09 11:50:10] $cat.dist
INFO [2023-10-09 11:50:10] c(0.055, 0.055, 0.055)
INFO [2023-10-09 11:50:10] 
INFO [2023-10-09 11:50:10] $cat.fontfamily
INFO [2023-10-09 11:50:10] [1] "sans"
INFO [2023-10-09 11:50:10] 
INFO [2023-10-09 11:50:10] $cat.col
INFO [2023-10-09 11:50:10] [1] "black"
INFO [2023-10-09 11:50:10] 
INFO [2023-10-09 11:50:10] $rotation
INFO [2023-10-09 11:50:10] [1] 1
INFO [2023-10-09 11:50:10] 
