INFO [2023-10-09 12:13:57] $x
INFO [2023-10-09 12:13:57] D_ups
INFO [2023-10-09 12:13:57] 
INFO [2023-10-09 12:13:57] $category.names
INFO [2023-10-09 12:13:57] batch_names
INFO [2023-10-09 12:13:57] 
INFO [2023-10-09 12:13:57] $filename
INFO [2023-10-09 12:13:57] [1] "venn_120_72_batch_up.png"
INFO [2023-10-09 12:13:57] 
INFO [2023-10-09 12:13:57] $output
INFO [2023-10-09 12:13:57] [1] TRUE
INFO [2023-10-09 12:13:57] 
INFO [2023-10-09 12:13:57] $imagetype
INFO [2023-10-09 12:13:57] [1] "png"
INFO [2023-10-09 12:13:57] 
INFO [2023-10-09 12:13:57] $height
INFO [2023-10-09 12:13:57] [1] 480
INFO [2023-10-09 12:13:57] 
INFO [2023-10-09 12:13:57] $width
INFO [2023-10-09 12:13:57] [1] 720
INFO [2023-10-09 12:13:57] 
INFO [2023-10-09 12:13:57] $resolution
INFO [2023-10-09 12:13:57] [1] 300
INFO [2023-10-09 12:13:57] 
INFO [2023-10-09 12:13:57] $compression
INFO [2023-10-09 12:13:57] [1] "lzw"
INFO [2023-10-09 12:13:57] 
INFO [2023-10-09 12:13:57] $lwd
INFO [2023-10-09 12:13:57] [1] 1
INFO [2023-10-09 12:13:57] 
INFO [2023-10-09 12:13:57] $col
INFO [2023-10-09 12:13:57] c("#440154ff", "#21908dff", "#fde725ff")
INFO [2023-10-09 12:13:57] 
INFO [2023-10-09 12:13:57] $fill
INFO [2023-10-09 12:13:57] c(alpha("#440154ff", 0.3), alpha("#21908dff", 0.3), alpha("#fde725ff", 
INFO [2023-10-09 12:13:57]     0.3))
INFO [2023-10-09 12:13:57] 
INFO [2023-10-09 12:13:57] $cex
INFO [2023-10-09 12:13:57] [1] 0.7
INFO [2023-10-09 12:13:57] 
INFO [2023-10-09 12:13:57] $fontfamily
INFO [2023-10-09 12:13:57] [1] "sans"
INFO [2023-10-09 12:13:57] 
INFO [2023-10-09 12:13:57] $cat.cex
INFO [2023-10-09 12:13:57] [1] 0.7
INFO [2023-10-09 12:13:57] 
INFO [2023-10-09 12:13:57] $cat.default.pos
INFO [2023-10-09 12:13:57] [1] "outer"
INFO [2023-10-09 12:13:57] 
INFO [2023-10-09 12:13:57] $cat.pos
INFO [2023-10-09 12:13:57] c(-27, 27, 135)
INFO [2023-10-09 12:13:57] 
INFO [2023-10-09 12:13:57] $cat.dist
INFO [2023-10-09 12:13:57] c(0.055, 0.055, 0.055)
INFO [2023-10-09 12:13:57] 
INFO [2023-10-09 12:13:57] $cat.fontfamily
INFO [2023-10-09 12:13:57] [1] "sans"
INFO [2023-10-09 12:13:57] 
INFO [2023-10-09 12:13:57] $cat.col
INFO [2023-10-09 12:13:57] [1] "black"
INFO [2023-10-09 12:13:57] 
INFO [2023-10-09 12:13:57] $rotation
INFO [2023-10-09 12:13:57] [1] 1
INFO [2023-10-09 12:13:57] 
