INFO [2023-10-09 11:33:38] $x
INFO [2023-10-09 11:33:38] D_downs
INFO [2023-10-09 11:33:38] 
INFO [2023-10-09 11:33:38] $category.names
INFO [2023-10-09 11:33:38] contrasts_names
INFO [2023-10-09 11:33:38] 
INFO [2023-10-09 11:33:38] $filename
INFO [2023-10-09 11:33:38] [1] "venn_sva_down.png"
INFO [2023-10-09 11:33:38] 
INFO [2023-10-09 11:33:38] $output
INFO [2023-10-09 11:33:38] [1] TRUE
INFO [2023-10-09 11:33:38] 
INFO [2023-10-09 11:33:38] $imagetype
INFO [2023-10-09 11:33:38] [1] "png"
INFO [2023-10-09 11:33:38] 
INFO [2023-10-09 11:33:38] $height
INFO [2023-10-09 11:33:38] [1] 480
INFO [2023-10-09 11:33:38] 
INFO [2023-10-09 11:33:38] $width
INFO [2023-10-09 11:33:38] [1] 720
INFO [2023-10-09 11:33:38] 
INFO [2023-10-09 11:33:38] $resolution
INFO [2023-10-09 11:33:38] [1] 300
INFO [2023-10-09 11:33:38] 
INFO [2023-10-09 11:33:38] $compression
INFO [2023-10-09 11:33:38] [1] "lzw"
INFO [2023-10-09 11:33:38] 
INFO [2023-10-09 11:33:38] $lwd
INFO [2023-10-09 11:33:38] [1] 1
INFO [2023-10-09 11:33:38] 
INFO [2023-10-09 11:33:38] $col
INFO [2023-10-09 11:33:38] c("#440154ff", "#21908dff", "#fde725ff")
INFO [2023-10-09 11:33:38] 
INFO [2023-10-09 11:33:38] $fill
INFO [2023-10-09 11:33:38] c(alpha("#440154ff", 0.3), alpha("#21908dff", 0.3), alpha("#fde725ff", 
INFO [2023-10-09 11:33:38]     0.3))
INFO [2023-10-09 11:33:38] 
INFO [2023-10-09 11:33:38] $cex
INFO [2023-10-09 11:33:38] [1] 0.7
INFO [2023-10-09 11:33:38] 
INFO [2023-10-09 11:33:38] $fontfamily
INFO [2023-10-09 11:33:38] [1] "sans"
INFO [2023-10-09 11:33:38] 
INFO [2023-10-09 11:33:38] $cat.cex
INFO [2023-10-09 11:33:38] [1] 0.7
INFO [2023-10-09 11:33:38] 
INFO [2023-10-09 11:33:38] $cat.default.pos
INFO [2023-10-09 11:33:38] [1] "outer"
INFO [2023-10-09 11:33:38] 
INFO [2023-10-09 11:33:38] $cat.pos
INFO [2023-10-09 11:33:38] c(-27, 27, 135)
INFO [2023-10-09 11:33:38] 
INFO [2023-10-09 11:33:38] $cat.dist
INFO [2023-10-09 11:33:38] c(0.055, 0.055, 0.055)
INFO [2023-10-09 11:33:38] 
INFO [2023-10-09 11:33:38] $cat.fontfamily
INFO [2023-10-09 11:33:38] [1] "sans"
INFO [2023-10-09 11:33:38] 
INFO [2023-10-09 11:33:38] $cat.col
INFO [2023-10-09 11:33:38] [1] "black"
INFO [2023-10-09 11:33:38] 
INFO [2023-10-09 11:33:38] $rotation
INFO [2023-10-09 11:33:38] [1] 1
INFO [2023-10-09 11:33:38] 
