INFO [2023-10-09 11:49:27] $x
INFO [2023-10-09 11:49:27] D_ups
INFO [2023-10-09 11:49:27] 
INFO [2023-10-09 11:49:27] $category.names
INFO [2023-10-09 11:49:27] batch_names
INFO [2023-10-09 11:49:27] 
INFO [2023-10-09 11:49:27] $filename
INFO [2023-10-09 11:49:27] [1] "venn_adult_120_batch_up.png"
INFO [2023-10-09 11:49:27] 
INFO [2023-10-09 11:49:27] $output
INFO [2023-10-09 11:49:27] [1] TRUE
INFO [2023-10-09 11:49:27] 
INFO [2023-10-09 11:49:27] $imagetype
INFO [2023-10-09 11:49:27] [1] "png"
INFO [2023-10-09 11:49:27] 
INFO [2023-10-09 11:49:27] $height
INFO [2023-10-09 11:49:27] [1] 480
INFO [2023-10-09 11:49:27] 
INFO [2023-10-09 11:49:27] $width
INFO [2023-10-09 11:49:27] [1] 720
INFO [2023-10-09 11:49:27] 
INFO [2023-10-09 11:49:27] $resolution
INFO [2023-10-09 11:49:27] [1] 300
INFO [2023-10-09 11:49:27] 
INFO [2023-10-09 11:49:27] $compression
INFO [2023-10-09 11:49:27] [1] "lzw"
INFO [2023-10-09 11:49:27] 
INFO [2023-10-09 11:49:27] $lwd
INFO [2023-10-09 11:49:27] [1] 1
INFO [2023-10-09 11:49:27] 
INFO [2023-10-09 11:49:27] $col
INFO [2023-10-09 11:49:27] c("#440154ff", "#21908dff", "#fde725ff")
INFO [2023-10-09 11:49:27] 
INFO [2023-10-09 11:49:27] $fill
INFO [2023-10-09 11:49:27] c(alpha("#440154ff", 0.3), alpha("#21908dff", 0.3), alpha("#fde725ff", 
INFO [2023-10-09 11:49:27]     0.3))
INFO [2023-10-09 11:49:27] 
INFO [2023-10-09 11:49:27] $cex
INFO [2023-10-09 11:49:27] [1] 0.7
INFO [2023-10-09 11:49:27] 
INFO [2023-10-09 11:49:27] $fontfamily
INFO [2023-10-09 11:49:27] [1] "sans"
INFO [2023-10-09 11:49:27] 
INFO [2023-10-09 11:49:27] $cat.cex
INFO [2023-10-09 11:49:27] [1] 0.7
INFO [2023-10-09 11:49:27] 
INFO [2023-10-09 11:49:27] $cat.default.pos
INFO [2023-10-09 11:49:27] [1] "outer"
INFO [2023-10-09 11:49:27] 
INFO [2023-10-09 11:49:27] $cat.pos
INFO [2023-10-09 11:49:27] c(-27, 27, 135)
INFO [2023-10-09 11:49:27] 
INFO [2023-10-09 11:49:27] $cat.dist
INFO [2023-10-09 11:49:27] c(0.055, 0.055, 0.055)
INFO [2023-10-09 11:49:27] 
INFO [2023-10-09 11:49:27] $cat.fontfamily
INFO [2023-10-09 11:49:27] [1] "sans"
INFO [2023-10-09 11:49:27] 
INFO [2023-10-09 11:49:27] $cat.col
INFO [2023-10-09 11:49:27] [1] "black"
INFO [2023-10-09 11:49:27] 
INFO [2023-10-09 11:49:27] $rotation
INFO [2023-10-09 11:49:27] [1] 1
INFO [2023-10-09 11:49:27] 
