INFO [2023-10-09 11:46:34] $x
INFO [2023-10-09 11:46:34] D_downs
INFO [2023-10-09 11:46:34] 
INFO [2023-10-09 11:46:34] $category.names
INFO [2023-10-09 11:46:34] contrasts_names
INFO [2023-10-09 11:46:34] 
INFO [2023-10-09 11:46:34] $filename
INFO [2023-10-09 11:46:34] [1] "venn_sva_down.png"
INFO [2023-10-09 11:46:34] 
INFO [2023-10-09 11:46:34] $output
INFO [2023-10-09 11:46:34] [1] TRUE
INFO [2023-10-09 11:46:34] 
INFO [2023-10-09 11:46:34] $imagetype
INFO [2023-10-09 11:46:34] [1] "png"
INFO [2023-10-09 11:46:34] 
INFO [2023-10-09 11:46:34] $height
INFO [2023-10-09 11:46:34] [1] 480
INFO [2023-10-09 11:46:34] 
INFO [2023-10-09 11:46:34] $width
INFO [2023-10-09 11:46:34] [1] 720
INFO [2023-10-09 11:46:34] 
INFO [2023-10-09 11:46:34] $resolution
INFO [2023-10-09 11:46:34] [1] 300
INFO [2023-10-09 11:46:34] 
INFO [2023-10-09 11:46:34] $compression
INFO [2023-10-09 11:46:34] [1] "lzw"
INFO [2023-10-09 11:46:34] 
INFO [2023-10-09 11:46:34] $lwd
INFO [2023-10-09 11:46:34] [1] 1
INFO [2023-10-09 11:46:34] 
INFO [2023-10-09 11:46:34] $col
INFO [2023-10-09 11:46:34] c("#440154ff", "#21908dff", "#fde725ff")
INFO [2023-10-09 11:46:34] 
INFO [2023-10-09 11:46:34] $fill
INFO [2023-10-09 11:46:34] c(alpha("#440154ff", 0.3), alpha("#21908dff", 0.3), alpha("#fde725ff", 
INFO [2023-10-09 11:46:34]     0.3))
INFO [2023-10-09 11:46:34] 
INFO [2023-10-09 11:46:34] $cex
INFO [2023-10-09 11:46:34] [1] 0.7
INFO [2023-10-09 11:46:34] 
INFO [2023-10-09 11:46:34] $fontfamily
INFO [2023-10-09 11:46:34] [1] "sans"
INFO [2023-10-09 11:46:34] 
INFO [2023-10-09 11:46:34] $cat.cex
INFO [2023-10-09 11:46:34] [1] 0.7
INFO [2023-10-09 11:46:34] 
INFO [2023-10-09 11:46:34] $cat.default.pos
INFO [2023-10-09 11:46:34] [1] "outer"
INFO [2023-10-09 11:46:34] 
INFO [2023-10-09 11:46:34] $cat.pos
INFO [2023-10-09 11:46:34] c(-27, 27, 135)
INFO [2023-10-09 11:46:34] 
INFO [2023-10-09 11:46:34] $cat.dist
INFO [2023-10-09 11:46:34] c(0.055, 0.055, 0.055)
INFO [2023-10-09 11:46:34] 
INFO [2023-10-09 11:46:34] $cat.fontfamily
INFO [2023-10-09 11:46:34] [1] "sans"
INFO [2023-10-09 11:46:34] 
INFO [2023-10-09 11:46:34] $cat.col
INFO [2023-10-09 11:46:34] [1] "black"
INFO [2023-10-09 11:46:34] 
INFO [2023-10-09 11:46:34] $rotation
INFO [2023-10-09 11:46:34] [1] 1
INFO [2023-10-09 11:46:34] 
