INFO [2023-10-09 11:50:04] $x
INFO [2023-10-09 11:50:04] D_downs
INFO [2023-10-09 11:50:04] 
INFO [2023-10-09 11:50:04] $category.names
INFO [2023-10-09 11:50:04] contrasts_names
INFO [2023-10-09 11:50:04] 
INFO [2023-10-09 11:50:04] $filename
INFO [2023-10-09 11:50:04] [1] "venn_sva_down.png"
INFO [2023-10-09 11:50:04] 
INFO [2023-10-09 11:50:04] $output
INFO [2023-10-09 11:50:04] [1] TRUE
INFO [2023-10-09 11:50:04] 
INFO [2023-10-09 11:50:04] $imagetype
INFO [2023-10-09 11:50:04] [1] "png"
INFO [2023-10-09 11:50:04] 
INFO [2023-10-09 11:50:04] $height
INFO [2023-10-09 11:50:04] [1] 480
INFO [2023-10-09 11:50:04] 
INFO [2023-10-09 11:50:04] $width
INFO [2023-10-09 11:50:04] [1] 720
INFO [2023-10-09 11:50:04] 
INFO [2023-10-09 11:50:04] $resolution
INFO [2023-10-09 11:50:04] [1] 300
INFO [2023-10-09 11:50:04] 
INFO [2023-10-09 11:50:04] $compression
INFO [2023-10-09 11:50:04] [1] "lzw"
INFO [2023-10-09 11:50:04] 
INFO [2023-10-09 11:50:04] $lwd
INFO [2023-10-09 11:50:04] [1] 1
INFO [2023-10-09 11:50:04] 
INFO [2023-10-09 11:50:04] $col
INFO [2023-10-09 11:50:04] c("#440154ff", "#21908dff", "#fde725ff")
INFO [2023-10-09 11:50:04] 
INFO [2023-10-09 11:50:04] $fill
INFO [2023-10-09 11:50:04] c(alpha("#440154ff", 0.3), alpha("#21908dff", 0.3), alpha("#fde725ff", 
INFO [2023-10-09 11:50:04]     0.3))
INFO [2023-10-09 11:50:04] 
INFO [2023-10-09 11:50:04] $cex
INFO [2023-10-09 11:50:04] [1] 0.7
INFO [2023-10-09 11:50:04] 
INFO [2023-10-09 11:50:04] $fontfamily
INFO [2023-10-09 11:50:04] [1] "sans"
INFO [2023-10-09 11:50:04] 
INFO [2023-10-09 11:50:04] $cat.cex
INFO [2023-10-09 11:50:04] [1] 0.7
INFO [2023-10-09 11:50:04] 
INFO [2023-10-09 11:50:04] $cat.default.pos
INFO [2023-10-09 11:50:04] [1] "outer"
INFO [2023-10-09 11:50:04] 
INFO [2023-10-09 11:50:04] $cat.pos
INFO [2023-10-09 11:50:04] c(-27, 27, 135)
INFO [2023-10-09 11:50:04] 
INFO [2023-10-09 11:50:04] $cat.dist
INFO [2023-10-09 11:50:04] c(0.055, 0.055, 0.055)
INFO [2023-10-09 11:50:04] 
INFO [2023-10-09 11:50:04] $cat.fontfamily
INFO [2023-10-09 11:50:04] [1] "sans"
INFO [2023-10-09 11:50:04] 
INFO [2023-10-09 11:50:04] $cat.col
INFO [2023-10-09 11:50:04] [1] "black"
INFO [2023-10-09 11:50:04] 
INFO [2023-10-09 11:50:04] $rotation
INFO [2023-10-09 11:50:04] [1] 1
INFO [2023-10-09 11:50:04] 
