INFO [2023-10-09 12:08:44] $x
INFO [2023-10-09 12:08:44] D_ups
INFO [2023-10-09 12:08:44] 
INFO [2023-10-09 12:08:44] $category.names
INFO [2023-10-09 12:08:44] batch_names
INFO [2023-10-09 12:08:44] 
INFO [2023-10-09 12:08:44] $filename
INFO [2023-10-09 12:08:44] [1] "venn_120_72_batch_up.png"
INFO [2023-10-09 12:08:44] 
INFO [2023-10-09 12:08:44] $output
INFO [2023-10-09 12:08:44] [1] TRUE
INFO [2023-10-09 12:08:44] 
INFO [2023-10-09 12:08:44] $imagetype
INFO [2023-10-09 12:08:44] [1] "png"
INFO [2023-10-09 12:08:44] 
INFO [2023-10-09 12:08:44] $height
INFO [2023-10-09 12:08:44] [1] 480
INFO [2023-10-09 12:08:44] 
INFO [2023-10-09 12:08:44] $width
INFO [2023-10-09 12:08:44] [1] 720
INFO [2023-10-09 12:08:44] 
INFO [2023-10-09 12:08:44] $resolution
INFO [2023-10-09 12:08:44] [1] 300
INFO [2023-10-09 12:08:44] 
INFO [2023-10-09 12:08:44] $compression
INFO [2023-10-09 12:08:44] [1] "lzw"
INFO [2023-10-09 12:08:44] 
INFO [2023-10-09 12:08:44] $lwd
INFO [2023-10-09 12:08:44] [1] 1
INFO [2023-10-09 12:08:44] 
INFO [2023-10-09 12:08:44] $col
INFO [2023-10-09 12:08:44] c("#440154ff", "#21908dff", "#fde725ff")
INFO [2023-10-09 12:08:44] 
INFO [2023-10-09 12:08:44] $fill
INFO [2023-10-09 12:08:44] c(alpha("#440154ff", 0.3), alpha("#21908dff", 0.3), alpha("#fde725ff", 
INFO [2023-10-09 12:08:44]     0.3))
INFO [2023-10-09 12:08:44] 
INFO [2023-10-09 12:08:44] $cex
INFO [2023-10-09 12:08:44] [1] 0.7
INFO [2023-10-09 12:08:44] 
INFO [2023-10-09 12:08:44] $fontfamily
INFO [2023-10-09 12:08:44] [1] "sans"
INFO [2023-10-09 12:08:44] 
INFO [2023-10-09 12:08:44] $cat.cex
INFO [2023-10-09 12:08:44] [1] 0.7
INFO [2023-10-09 12:08:44] 
INFO [2023-10-09 12:08:44] $cat.default.pos
INFO [2023-10-09 12:08:44] [1] "outer"
INFO [2023-10-09 12:08:44] 
INFO [2023-10-09 12:08:44] $cat.pos
INFO [2023-10-09 12:08:44] c(-27, 27, 135)
INFO [2023-10-09 12:08:44] 
INFO [2023-10-09 12:08:44] $cat.dist
INFO [2023-10-09 12:08:44] c(0.055, 0.055, 0.055)
INFO [2023-10-09 12:08:44] 
INFO [2023-10-09 12:08:44] $cat.fontfamily
INFO [2023-10-09 12:08:44] [1] "sans"
INFO [2023-10-09 12:08:44] 
INFO [2023-10-09 12:08:44] $cat.col
INFO [2023-10-09 12:08:44] [1] "black"
INFO [2023-10-09 12:08:44] 
INFO [2023-10-09 12:08:44] $rotation
INFO [2023-10-09 12:08:44] [1] 1
INFO [2023-10-09 12:08:44] 
