INFO [2023-10-09 11:46:35] $x
INFO [2023-10-09 11:46:35] D_ups
INFO [2023-10-09 11:46:35] 
INFO [2023-10-09 11:46:35] $category.names
INFO [2023-10-09 11:46:35] batch_names
INFO [2023-10-09 11:46:35] 
INFO [2023-10-09 11:46:35] $filename
INFO [2023-10-09 11:46:35] [1] "venn_adult_120_batch_up.png"
INFO [2023-10-09 11:46:35] 
INFO [2023-10-09 11:46:35] $output
INFO [2023-10-09 11:46:35] [1] TRUE
INFO [2023-10-09 11:46:35] 
INFO [2023-10-09 11:46:35] $imagetype
INFO [2023-10-09 11:46:35] [1] "png"
INFO [2023-10-09 11:46:35] 
INFO [2023-10-09 11:46:35] $height
INFO [2023-10-09 11:46:35] [1] 480
INFO [2023-10-09 11:46:35] 
INFO [2023-10-09 11:46:35] $width
INFO [2023-10-09 11:46:35] [1] 720
INFO [2023-10-09 11:46:35] 
INFO [2023-10-09 11:46:35] $resolution
INFO [2023-10-09 11:46:35] [1] 300
INFO [2023-10-09 11:46:35] 
INFO [2023-10-09 11:46:35] $compression
INFO [2023-10-09 11:46:35] [1] "lzw"
INFO [2023-10-09 11:46:35] 
INFO [2023-10-09 11:46:35] $lwd
INFO [2023-10-09 11:46:35] [1] 1
INFO [2023-10-09 11:46:35] 
INFO [2023-10-09 11:46:35] $col
INFO [2023-10-09 11:46:35] c("#440154ff", "#21908dff", "#fde725ff")
INFO [2023-10-09 11:46:35] 
INFO [2023-10-09 11:46:35] $fill
INFO [2023-10-09 11:46:35] c(alpha("#440154ff", 0.3), alpha("#21908dff", 0.3), alpha("#fde725ff", 
INFO [2023-10-09 11:46:35]     0.3))
INFO [2023-10-09 11:46:35] 
INFO [2023-10-09 11:46:35] $cex
INFO [2023-10-09 11:46:35] [1] 0.7
INFO [2023-10-09 11:46:35] 
INFO [2023-10-09 11:46:35] $fontfamily
INFO [2023-10-09 11:46:35] [1] "sans"
INFO [2023-10-09 11:46:35] 
INFO [2023-10-09 11:46:35] $cat.cex
INFO [2023-10-09 11:46:35] [1] 0.7
INFO [2023-10-09 11:46:35] 
INFO [2023-10-09 11:46:35] $cat.default.pos
INFO [2023-10-09 11:46:35] [1] "outer"
INFO [2023-10-09 11:46:35] 
INFO [2023-10-09 11:46:35] $cat.pos
INFO [2023-10-09 11:46:35] c(-27, 27, 135)
INFO [2023-10-09 11:46:35] 
INFO [2023-10-09 11:46:35] $cat.dist
INFO [2023-10-09 11:46:35] c(0.055, 0.055, 0.055)
INFO [2023-10-09 11:46:35] 
INFO [2023-10-09 11:46:35] $cat.fontfamily
INFO [2023-10-09 11:46:35] [1] "sans"
INFO [2023-10-09 11:46:35] 
INFO [2023-10-09 11:46:35] $cat.col
INFO [2023-10-09 11:46:35] [1] "black"
INFO [2023-10-09 11:46:35] 
INFO [2023-10-09 11:46:35] $rotation
INFO [2023-10-09 11:46:35] [1] 1
INFO [2023-10-09 11:46:35] 
