INFO [2023-10-09 11:33:36] $x
INFO [2023-10-09 11:33:36] D_downs
INFO [2023-10-09 11:33:36] 
INFO [2023-10-09 11:33:36] $category.names
INFO [2023-10-09 11:33:36] contrasts_names
INFO [2023-10-09 11:33:36] 
INFO [2023-10-09 11:33:36] $filename
INFO [2023-10-09 11:33:36] [1] "venn_control_down.png"
INFO [2023-10-09 11:33:36] 
INFO [2023-10-09 11:33:36] $output
INFO [2023-10-09 11:33:36] [1] TRUE
INFO [2023-10-09 11:33:36] 
INFO [2023-10-09 11:33:36] $imagetype
INFO [2023-10-09 11:33:36] [1] "png"
INFO [2023-10-09 11:33:36] 
INFO [2023-10-09 11:33:36] $height
INFO [2023-10-09 11:33:36] [1] 480
INFO [2023-10-09 11:33:36] 
INFO [2023-10-09 11:33:36] $width
INFO [2023-10-09 11:33:36] [1] 720
INFO [2023-10-09 11:33:36] 
INFO [2023-10-09 11:33:36] $resolution
INFO [2023-10-09 11:33:36] [1] 300
INFO [2023-10-09 11:33:36] 
INFO [2023-10-09 11:33:36] $compression
INFO [2023-10-09 11:33:36] [1] "lzw"
INFO [2023-10-09 11:33:36] 
INFO [2023-10-09 11:33:36] $lwd
INFO [2023-10-09 11:33:36] [1] 1
INFO [2023-10-09 11:33:36] 
INFO [2023-10-09 11:33:36] $col
INFO [2023-10-09 11:33:36] c("#440154ff", "#21908dff", "#fde725ff")
INFO [2023-10-09 11:33:36] 
INFO [2023-10-09 11:33:36] $fill
INFO [2023-10-09 11:33:36] c(alpha("#440154ff", 0.3), alpha("#21908dff", 0.3), alpha("#fde725ff", 
INFO [2023-10-09 11:33:36]     0.3))
INFO [2023-10-09 11:33:36] 
INFO [2023-10-09 11:33:36] $cex
INFO [2023-10-09 11:33:36] [1] 0.7
INFO [2023-10-09 11:33:36] 
INFO [2023-10-09 11:33:36] $fontfamily
INFO [2023-10-09 11:33:36] [1] "sans"
INFO [2023-10-09 11:33:36] 
INFO [2023-10-09 11:33:36] $cat.cex
INFO [2023-10-09 11:33:36] [1] 0.7
INFO [2023-10-09 11:33:36] 
INFO [2023-10-09 11:33:36] $cat.default.pos
INFO [2023-10-09 11:33:36] [1] "outer"
INFO [2023-10-09 11:33:36] 
INFO [2023-10-09 11:33:36] $cat.pos
INFO [2023-10-09 11:33:36] c(-27, 27, 135)
INFO [2023-10-09 11:33:36] 
INFO [2023-10-09 11:33:36] $cat.dist
INFO [2023-10-09 11:33:36] c(0.055, 0.055, 0.055)
INFO [2023-10-09 11:33:36] 
INFO [2023-10-09 11:33:36] $cat.fontfamily
INFO [2023-10-09 11:33:36] [1] "sans"
INFO [2023-10-09 11:33:36] 
INFO [2023-10-09 11:33:36] $cat.col
INFO [2023-10-09 11:33:36] [1] "black"
INFO [2023-10-09 11:33:36] 
INFO [2023-10-09 11:33:36] $rotation
INFO [2023-10-09 11:33:36] [1] 1
INFO [2023-10-09 11:33:36] 
