INFO [2023-10-09 12:08:45] $x
INFO [2023-10-09 12:08:45] D_ups
INFO [2023-10-09 12:08:45] 
INFO [2023-10-09 12:08:45] $category.names
INFO [2023-10-09 12:08:45] batch_names
INFO [2023-10-09 12:08:45] 
INFO [2023-10-09 12:08:45] $filename
INFO [2023-10-09 12:08:45] [1] "venn_adult_120_batch_down.png"
INFO [2023-10-09 12:08:45] 
INFO [2023-10-09 12:08:45] $output
INFO [2023-10-09 12:08:45] [1] TRUE
INFO [2023-10-09 12:08:45] 
INFO [2023-10-09 12:08:45] $imagetype
INFO [2023-10-09 12:08:45] [1] "png"
INFO [2023-10-09 12:08:45] 
INFO [2023-10-09 12:08:45] $height
INFO [2023-10-09 12:08:45] [1] 480
INFO [2023-10-09 12:08:45] 
INFO [2023-10-09 12:08:45] $width
INFO [2023-10-09 12:08:45] [1] 720
INFO [2023-10-09 12:08:45] 
INFO [2023-10-09 12:08:45] $resolution
INFO [2023-10-09 12:08:45] [1] 300
INFO [2023-10-09 12:08:45] 
INFO [2023-10-09 12:08:45] $compression
INFO [2023-10-09 12:08:45] [1] "lzw"
INFO [2023-10-09 12:08:45] 
INFO [2023-10-09 12:08:45] $lwd
INFO [2023-10-09 12:08:45] [1] 1
INFO [2023-10-09 12:08:45] 
INFO [2023-10-09 12:08:45] $col
INFO [2023-10-09 12:08:45] c("#440154ff", "#21908dff", "#fde725ff")
INFO [2023-10-09 12:08:45] 
INFO [2023-10-09 12:08:45] $fill
INFO [2023-10-09 12:08:45] c(alpha("#440154ff", 0.3), alpha("#21908dff", 0.3), alpha("#fde725ff", 
INFO [2023-10-09 12:08:45]     0.3))
INFO [2023-10-09 12:08:45] 
INFO [2023-10-09 12:08:45] $cex
INFO [2023-10-09 12:08:45] [1] 0.7
INFO [2023-10-09 12:08:45] 
INFO [2023-10-09 12:08:45] $fontfamily
INFO [2023-10-09 12:08:45] [1] "sans"
INFO [2023-10-09 12:08:45] 
INFO [2023-10-09 12:08:45] $cat.cex
INFO [2023-10-09 12:08:45] [1] 0.7
INFO [2023-10-09 12:08:45] 
INFO [2023-10-09 12:08:45] $cat.default.pos
INFO [2023-10-09 12:08:45] [1] "outer"
INFO [2023-10-09 12:08:45] 
INFO [2023-10-09 12:08:45] $cat.pos
INFO [2023-10-09 12:08:45] c(-27, 27, 135)
INFO [2023-10-09 12:08:45] 
INFO [2023-10-09 12:08:45] $cat.dist
INFO [2023-10-09 12:08:45] c(0.055, 0.055, 0.055)
INFO [2023-10-09 12:08:45] 
INFO [2023-10-09 12:08:45] $cat.fontfamily
INFO [2023-10-09 12:08:45] [1] "sans"
INFO [2023-10-09 12:08:45] 
INFO [2023-10-09 12:08:45] $cat.col
INFO [2023-10-09 12:08:45] [1] "black"
INFO [2023-10-09 12:08:45] 
INFO [2023-10-09 12:08:45] $rotation
INFO [2023-10-09 12:08:45] [1] 1
INFO [2023-10-09 12:08:45] 
