INFO [2023-10-09 11:50:08] $x
INFO [2023-10-09 11:50:08] D_ups
INFO [2023-10-09 11:50:08] 
INFO [2023-10-09 11:50:08] $category.names
INFO [2023-10-09 11:50:08] batch_names
INFO [2023-10-09 11:50:08] 
INFO [2023-10-09 11:50:08] $filename
INFO [2023-10-09 11:50:08] [1] "venn_120_72_batch_down.png"
INFO [2023-10-09 11:50:08] 
INFO [2023-10-09 11:50:08] $output
INFO [2023-10-09 11:50:08] [1] TRUE
INFO [2023-10-09 11:50:08] 
INFO [2023-10-09 11:50:08] $imagetype
INFO [2023-10-09 11:50:08] [1] "png"
INFO [2023-10-09 11:50:08] 
INFO [2023-10-09 11:50:08] $height
INFO [2023-10-09 11:50:08] [1] 480
INFO [2023-10-09 11:50:08] 
INFO [2023-10-09 11:50:08] $width
INFO [2023-10-09 11:50:08] [1] 720
INFO [2023-10-09 11:50:08] 
INFO [2023-10-09 11:50:08] $resolution
INFO [2023-10-09 11:50:08] [1] 300
INFO [2023-10-09 11:50:08] 
INFO [2023-10-09 11:50:08] $compression
INFO [2023-10-09 11:50:08] [1] "lzw"
INFO [2023-10-09 11:50:08] 
INFO [2023-10-09 11:50:08] $lwd
INFO [2023-10-09 11:50:08] [1] 1
INFO [2023-10-09 11:50:08] 
INFO [2023-10-09 11:50:08] $col
INFO [2023-10-09 11:50:08] c("#440154ff", "#21908dff", "#fde725ff")
INFO [2023-10-09 11:50:08] 
INFO [2023-10-09 11:50:08] $fill
INFO [2023-10-09 11:50:08] c(alpha("#440154ff", 0.3), alpha("#21908dff", 0.3), alpha("#fde725ff", 
INFO [2023-10-09 11:50:08]     0.3))
INFO [2023-10-09 11:50:08] 
INFO [2023-10-09 11:50:08] $cex
INFO [2023-10-09 11:50:08] [1] 0.7
INFO [2023-10-09 11:50:08] 
INFO [2023-10-09 11:50:08] $fontfamily
INFO [2023-10-09 11:50:08] [1] "sans"
INFO [2023-10-09 11:50:08] 
INFO [2023-10-09 11:50:08] $cat.cex
INFO [2023-10-09 11:50:08] [1] 0.7
INFO [2023-10-09 11:50:08] 
INFO [2023-10-09 11:50:08] $cat.default.pos
INFO [2023-10-09 11:50:08] [1] "outer"
INFO [2023-10-09 11:50:08] 
INFO [2023-10-09 11:50:08] $cat.pos
INFO [2023-10-09 11:50:08] c(-27, 27, 135)
INFO [2023-10-09 11:50:08] 
INFO [2023-10-09 11:50:08] $cat.dist
INFO [2023-10-09 11:50:08] c(0.055, 0.055, 0.055)
INFO [2023-10-09 11:50:08] 
INFO [2023-10-09 11:50:08] $cat.fontfamily
INFO [2023-10-09 11:50:08] [1] "sans"
INFO [2023-10-09 11:50:08] 
INFO [2023-10-09 11:50:08] $cat.col
INFO [2023-10-09 11:50:08] [1] "black"
INFO [2023-10-09 11:50:08] 
INFO [2023-10-09 11:50:08] $rotation
INFO [2023-10-09 11:50:08] [1] 1
INFO [2023-10-09 11:50:08] 
