INFO [2023-10-09 11:50:05] $x
INFO [2023-10-09 11:50:05] D_ups
INFO [2023-10-09 11:50:05] 
INFO [2023-10-09 11:50:05] $category.names
INFO [2023-10-09 11:50:05] batch_names
INFO [2023-10-09 11:50:05] 
INFO [2023-10-09 11:50:05] $filename
INFO [2023-10-09 11:50:05] [1] "venn_72_48_batch_up.png"
INFO [2023-10-09 11:50:05] 
INFO [2023-10-09 11:50:05] $output
INFO [2023-10-09 11:50:05] [1] TRUE
INFO [2023-10-09 11:50:05] 
INFO [2023-10-09 11:50:05] $imagetype
INFO [2023-10-09 11:50:05] [1] "png"
INFO [2023-10-09 11:50:05] 
INFO [2023-10-09 11:50:05] $height
INFO [2023-10-09 11:50:05] [1] 480
INFO [2023-10-09 11:50:05] 
INFO [2023-10-09 11:50:05] $width
INFO [2023-10-09 11:50:05] [1] 720
INFO [2023-10-09 11:50:05] 
INFO [2023-10-09 11:50:05] $resolution
INFO [2023-10-09 11:50:05] [1] 300
INFO [2023-10-09 11:50:05] 
INFO [2023-10-09 11:50:05] $compression
INFO [2023-10-09 11:50:05] [1] "lzw"
INFO [2023-10-09 11:50:05] 
INFO [2023-10-09 11:50:05] $lwd
INFO [2023-10-09 11:50:05] [1] 1
INFO [2023-10-09 11:50:05] 
INFO [2023-10-09 11:50:05] $col
INFO [2023-10-09 11:50:05] c("#440154ff", "#21908dff", "#fde725ff")
INFO [2023-10-09 11:50:05] 
INFO [2023-10-09 11:50:05] $fill
INFO [2023-10-09 11:50:05] c(alpha("#440154ff", 0.3), alpha("#21908dff", 0.3), alpha("#fde725ff", 
INFO [2023-10-09 11:50:05]     0.3))
INFO [2023-10-09 11:50:05] 
INFO [2023-10-09 11:50:05] $cex
INFO [2023-10-09 11:50:05] [1] 0.7
INFO [2023-10-09 11:50:05] 
INFO [2023-10-09 11:50:05] $fontfamily
INFO [2023-10-09 11:50:05] [1] "sans"
INFO [2023-10-09 11:50:05] 
INFO [2023-10-09 11:50:05] $cat.cex
INFO [2023-10-09 11:50:05] [1] 0.7
INFO [2023-10-09 11:50:05] 
INFO [2023-10-09 11:50:05] $cat.default.pos
INFO [2023-10-09 11:50:05] [1] "outer"
INFO [2023-10-09 11:50:05] 
INFO [2023-10-09 11:50:05] $cat.pos
INFO [2023-10-09 11:50:05] c(-27, 27, 135)
INFO [2023-10-09 11:50:05] 
INFO [2023-10-09 11:50:05] $cat.dist
INFO [2023-10-09 11:50:05] c(0.055, 0.055, 0.055)
INFO [2023-10-09 11:50:05] 
INFO [2023-10-09 11:50:05] $cat.fontfamily
INFO [2023-10-09 11:50:05] [1] "sans"
INFO [2023-10-09 11:50:05] 
INFO [2023-10-09 11:50:05] $cat.col
INFO [2023-10-09 11:50:05] [1] "black"
INFO [2023-10-09 11:50:05] 
INFO [2023-10-09 11:50:05] $rotation
INFO [2023-10-09 11:50:05] [1] 1
INFO [2023-10-09 11:50:05] 
