INFO [2023-10-09 11:33:40] $x
INFO [2023-10-09 11:33:40] D_ups
INFO [2023-10-09 11:33:40] 
INFO [2023-10-09 11:33:40] $category.names
INFO [2023-10-09 11:33:40] batch_names
INFO [2023-10-09 11:33:40] 
INFO [2023-10-09 11:33:40] $filename
INFO [2023-10-09 11:33:40] [1] "venn_adult_120_batch_down.png"
INFO [2023-10-09 11:33:40] 
INFO [2023-10-09 11:33:40] $output
INFO [2023-10-09 11:33:40] [1] TRUE
INFO [2023-10-09 11:33:40] 
INFO [2023-10-09 11:33:40] $imagetype
INFO [2023-10-09 11:33:40] [1] "png"
INFO [2023-10-09 11:33:40] 
INFO [2023-10-09 11:33:40] $height
INFO [2023-10-09 11:33:40] [1] 480
INFO [2023-10-09 11:33:40] 
INFO [2023-10-09 11:33:40] $width
INFO [2023-10-09 11:33:40] [1] 720
INFO [2023-10-09 11:33:40] 
INFO [2023-10-09 11:33:40] $resolution
INFO [2023-10-09 11:33:40] [1] 300
INFO [2023-10-09 11:33:40] 
INFO [2023-10-09 11:33:40] $compression
INFO [2023-10-09 11:33:40] [1] "lzw"
INFO [2023-10-09 11:33:40] 
INFO [2023-10-09 11:33:40] $lwd
INFO [2023-10-09 11:33:40] [1] 1
INFO [2023-10-09 11:33:40] 
INFO [2023-10-09 11:33:40] $col
INFO [2023-10-09 11:33:40] c("#440154ff", "#21908dff", "#fde725ff")
INFO [2023-10-09 11:33:40] 
INFO [2023-10-09 11:33:40] $fill
INFO [2023-10-09 11:33:40] c(alpha("#440154ff", 0.3), alpha("#21908dff", 0.3), alpha("#fde725ff", 
INFO [2023-10-09 11:33:40]     0.3))
INFO [2023-10-09 11:33:40] 
INFO [2023-10-09 11:33:40] $cex
INFO [2023-10-09 11:33:40] [1] 0.7
INFO [2023-10-09 11:33:40] 
INFO [2023-10-09 11:33:40] $fontfamily
INFO [2023-10-09 11:33:40] [1] "sans"
INFO [2023-10-09 11:33:40] 
INFO [2023-10-09 11:33:40] $cat.cex
INFO [2023-10-09 11:33:40] [1] 0.7
INFO [2023-10-09 11:33:40] 
INFO [2023-10-09 11:33:40] $cat.default.pos
INFO [2023-10-09 11:33:40] [1] "outer"
INFO [2023-10-09 11:33:40] 
INFO [2023-10-09 11:33:40] $cat.pos
INFO [2023-10-09 11:33:40] c(-27, 27, 135)
INFO [2023-10-09 11:33:40] 
INFO [2023-10-09 11:33:40] $cat.dist
INFO [2023-10-09 11:33:40] c(0.055, 0.055, 0.055)
INFO [2023-10-09 11:33:40] 
INFO [2023-10-09 11:33:40] $cat.fontfamily
INFO [2023-10-09 11:33:40] [1] "sans"
INFO [2023-10-09 11:33:40] 
INFO [2023-10-09 11:33:40] $cat.col
INFO [2023-10-09 11:33:40] [1] "black"
INFO [2023-10-09 11:33:40] 
INFO [2023-10-09 11:33:40] $rotation
INFO [2023-10-09 11:33:40] [1] 1
INFO [2023-10-09 11:33:40] 
